The system is: Darwin - 18.5.0 - x86_64
Compiling the C compiler identification source file "CMakeCCompilerId.c" succeeded.
Compiler: /Library/Developer/CommandLineTools/usr/bin/cc 
Build flags: 
Id flags:  

The output was:
0


Compilation of the C compiler identification source "CMakeCCompilerId.c" produced "a.out"

The C compiler identification is AppleClang, found in "/Users/coryhodge/Documents/Master/Programming/_github_IU/Cmd_AbsFactory_StackCalc/Cmd_AbsFactory_StackCalc/cmake-build-debug/CMakeFiles/3.13.2/CompilerIdC/a.out"

Compiling the CXX compiler identification source file "CMakeCXXCompilerId.cpp" succeeded.
Compiler: /Library/Developer/CommandLineTools/usr/bin/c++ 
Build flags: 
Id flags:  

The output was:
0


Compilation of the CXX compiler identification source "CMakeCXXCompilerId.cpp" produced "a.out"

The CXX compiler identification is AppleClang, found in "/Users/coryhodge/Documents/Master/Programming/_github_IU/Cmd_AbsFactory_StackCalc/Cmd_AbsFactory_StackCalc/cmake-build-debug/CMakeFiles/3.13.2/CompilerIdCXX/a.out"

Determining if the C compiler works passed with the following output:
Change Dir: /Users/coryhodge/Documents/Master/Programming/_github_IU/Cmd_AbsFactory_StackCalc/Cmd_AbsFactory_StackCalc/cmake-build-debug/CMakeFiles/CMakeTmp

<<<<<<< HEAD
<<<<<<< HEAD
Run Build Command:"/usr/bin/make" "cmTC_382a8/fast"
/Library/Developer/CommandLineTools/usr/bin/make -f CMakeFiles/cmTC_382a8.dir/build.make CMakeFiles/cmTC_382a8.dir/build
Building C object CMakeFiles/cmTC_382a8.dir/testCCompiler.c.o
/Library/Developer/CommandLineTools/usr/bin/cc   -isysroot /Library/Developer/CommandLineTools/SDKs/MacOSX10.14.sdk   -o CMakeFiles/cmTC_382a8.dir/testCCompiler.c.o   -c /Users/coryhodge/Documents/Master/Programming/_github_IU/Cmd_AbsFactory_StackCalc/Cmd_AbsFactory_StackCalc/cmake-build-debug/CMakeFiles/CMakeTmp/testCCompiler.c
Linking C executable cmTC_382a8
/Applications/CLion.app/Contents/bin/cmake/mac/bin/cmake -E cmake_link_script CMakeFiles/cmTC_382a8.dir/link.txt --verbose=1
/Library/Developer/CommandLineTools/usr/bin/cc   -isysroot /Library/Developer/CommandLineTools/SDKs/MacOSX10.14.sdk -Wl,-search_paths_first -Wl,-headerpad_max_install_names   CMakeFiles/cmTC_382a8.dir/testCCompiler.c.o  -o cmTC_382a8 
=======
Run Build Command:"/usr/bin/make" "cmTC_685bd/fast"
/Library/Developer/CommandLineTools/usr/bin/make -f CMakeFiles/cmTC_685bd.dir/build.make CMakeFiles/cmTC_685bd.dir/build
Building C object CMakeFiles/cmTC_685bd.dir/testCCompiler.c.o
/Library/Developer/CommandLineTools/usr/bin/cc   -isysroot /Library/Developer/CommandLineTools/SDKs/MacOSX10.14.sdk   -o CMakeFiles/cmTC_685bd.dir/testCCompiler.c.o   -c /Users/coryhodge/Documents/Master/Programming/_github_IU/Cmd_AbsFactory_StackCalc/Cmd_AbsFactory_StackCalc/cmake-build-debug/CMakeFiles/CMakeTmp/testCCompiler.c
Linking C executable cmTC_685bd
/Applications/CLion.app/Contents/bin/cmake/mac/bin/cmake -E cmake_link_script CMakeFiles/cmTC_685bd.dir/link.txt --verbose=1
/Library/Developer/CommandLineTools/usr/bin/cc   -isysroot /Library/Developer/CommandLineTools/SDKs/MacOSX10.14.sdk -Wl,-search_paths_first -Wl,-headerpad_max_install_names   CMakeFiles/cmTC_685bd.dir/testCCompiler.c.o  -o cmTC_685bd 
>>>>>>> fix-comments
=======
Run Build Command:"/usr/bin/make" "cmTC_3dba6/fast"
/Library/Developer/CommandLineTools/usr/bin/make -f CMakeFiles/cmTC_3dba6.dir/build.make CMakeFiles/cmTC_3dba6.dir/build
Building C object CMakeFiles/cmTC_3dba6.dir/testCCompiler.c.o
/Library/Developer/CommandLineTools/usr/bin/cc   -isysroot /Library/Developer/CommandLineTools/SDKs/MacOSX10.14.sdk   -o CMakeFiles/cmTC_3dba6.dir/testCCompiler.c.o   -c /Users/coryhodge/Documents/Master/Programming/_github_IU/Cmd_AbsFactory_StackCalc/Cmd_AbsFactory_StackCalc/cmake-build-debug/CMakeFiles/CMakeTmp/testCCompiler.c
Linking C executable cmTC_3dba6
/Applications/CLion.app/Contents/bin/cmake/mac/bin/cmake -E cmake_link_script CMakeFiles/cmTC_3dba6.dir/link.txt --verbose=1
/Library/Developer/CommandLineTools/usr/bin/cc   -isysroot /Library/Developer/CommandLineTools/SDKs/MacOSX10.14.sdk -Wl,-search_paths_first -Wl,-headerpad_max_install_names   CMakeFiles/cmTC_3dba6.dir/testCCompiler.c.o  -o cmTC_3dba6 
>>>>>>> resolve-merge


Detecting C compiler ABI info compiled with the following output:
Change Dir: /Users/coryhodge/Documents/Master/Programming/_github_IU/Cmd_AbsFactory_StackCalc/Cmd_AbsFactory_StackCalc/cmake-build-debug/CMakeFiles/CMakeTmp

<<<<<<< HEAD
<<<<<<< HEAD
Run Build Command:"/usr/bin/make" "cmTC_2eedd/fast"
/Library/Developer/CommandLineTools/usr/bin/make -f CMakeFiles/cmTC_2eedd.dir/build.make CMakeFiles/cmTC_2eedd.dir/build
Building C object CMakeFiles/cmTC_2eedd.dir/CMakeCCompilerABI.c.o
/Library/Developer/CommandLineTools/usr/bin/cc   -isysroot /Library/Developer/CommandLineTools/SDKs/MacOSX10.14.sdk   -o CMakeFiles/cmTC_2eedd.dir/CMakeCCompilerABI.c.o   -c /Applications/CLion.app/Contents/bin/cmake/mac/share/cmake-3.13/Modules/CMakeCCompilerABI.c
Linking C executable cmTC_2eedd
/Applications/CLion.app/Contents/bin/cmake/mac/bin/cmake -E cmake_link_script CMakeFiles/cmTC_2eedd.dir/link.txt --verbose=1
/Library/Developer/CommandLineTools/usr/bin/cc   -isysroot /Library/Developer/CommandLineTools/SDKs/MacOSX10.14.sdk -Wl,-search_paths_first -Wl,-headerpad_max_install_names  -v -Wl,-v CMakeFiles/cmTC_2eedd.dir/CMakeCCompilerABI.c.o  -o cmTC_2eedd 
=======
Run Build Command:"/usr/bin/make" "cmTC_17e13/fast"
/Library/Developer/CommandLineTools/usr/bin/make -f CMakeFiles/cmTC_17e13.dir/build.make CMakeFiles/cmTC_17e13.dir/build
Building C object CMakeFiles/cmTC_17e13.dir/CMakeCCompilerABI.c.o
/Library/Developer/CommandLineTools/usr/bin/cc   -isysroot /Library/Developer/CommandLineTools/SDKs/MacOSX10.14.sdk   -o CMakeFiles/cmTC_17e13.dir/CMakeCCompilerABI.c.o   -c /Applications/CLion.app/Contents/bin/cmake/mac/share/cmake-3.13/Modules/CMakeCCompilerABI.c
Linking C executable cmTC_17e13
/Applications/CLion.app/Contents/bin/cmake/mac/bin/cmake -E cmake_link_script CMakeFiles/cmTC_17e13.dir/link.txt --verbose=1
/Library/Developer/CommandLineTools/usr/bin/cc   -isysroot /Library/Developer/CommandLineTools/SDKs/MacOSX10.14.sdk -Wl,-search_paths_first -Wl,-headerpad_max_install_names  -v -Wl,-v CMakeFiles/cmTC_17e13.dir/CMakeCCompilerABI.c.o  -o cmTC_17e13 
>>>>>>> fix-comments
=======
Run Build Command:"/usr/bin/make" "cmTC_b3d66/fast"
/Library/Developer/CommandLineTools/usr/bin/make -f CMakeFiles/cmTC_b3d66.dir/build.make CMakeFiles/cmTC_b3d66.dir/build
Building C object CMakeFiles/cmTC_b3d66.dir/CMakeCCompilerABI.c.o
/Library/Developer/CommandLineTools/usr/bin/cc   -isysroot /Library/Developer/CommandLineTools/SDKs/MacOSX10.14.sdk   -o CMakeFiles/cmTC_b3d66.dir/CMakeCCompilerABI.c.o   -c /Applications/CLion.app/Contents/bin/cmake/mac/share/cmake-3.13/Modules/CMakeCCompilerABI.c
Linking C executable cmTC_b3d66
/Applications/CLion.app/Contents/bin/cmake/mac/bin/cmake -E cmake_link_script CMakeFiles/cmTC_b3d66.dir/link.txt --verbose=1
/Library/Developer/CommandLineTools/usr/bin/cc   -isysroot /Library/Developer/CommandLineTools/SDKs/MacOSX10.14.sdk -Wl,-search_paths_first -Wl,-headerpad_max_install_names  -v -Wl,-v CMakeFiles/cmTC_b3d66.dir/CMakeCCompilerABI.c.o  -o cmTC_b3d66 
>>>>>>> resolve-merge
Apple LLVM version 10.0.1 (clang-1001.0.46.3)
Target: x86_64-apple-darwin18.5.0
Thread model: posix
InstalledDir: /Library/Developer/CommandLineTools/usr/bin
<<<<<<< HEAD
<<<<<<< HEAD
 "/Library/Developer/CommandLineTools/usr/bin/ld" -demangle -lto_library /Library/Developer/CommandLineTools/usr/lib/libLTO.dylib -dynamic -arch x86_64 -macosx_version_min 10.14.0 -syslibroot /Library/Developer/CommandLineTools/SDKs/MacOSX10.14.sdk -o cmTC_2eedd -search_paths_first -headerpad_max_install_names -v CMakeFiles/cmTC_2eedd.dir/CMakeCCompilerABI.c.o -lSystem /Library/Developer/CommandLineTools/usr/lib/clang/10.0.1/lib/darwin/libclang_rt.osx.a
=======
 "/Library/Developer/CommandLineTools/usr/bin/ld" -demangle -lto_library /Library/Developer/CommandLineTools/usr/lib/libLTO.dylib -dynamic -arch x86_64 -macosx_version_min 10.14.0 -syslibroot /Library/Developer/CommandLineTools/SDKs/MacOSX10.14.sdk -o cmTC_17e13 -search_paths_first -headerpad_max_install_names -v CMakeFiles/cmTC_17e13.dir/CMakeCCompilerABI.c.o -lSystem /Library/Developer/CommandLineTools/usr/lib/clang/10.0.1/lib/darwin/libclang_rt.osx.a
>>>>>>> fix-comments
=======
 "/Library/Developer/CommandLineTools/usr/bin/ld" -demangle -lto_library /Library/Developer/CommandLineTools/usr/lib/libLTO.dylib -dynamic -arch x86_64 -macosx_version_min 10.14.0 -syslibroot /Library/Developer/CommandLineTools/SDKs/MacOSX10.14.sdk -o cmTC_b3d66 -search_paths_first -headerpad_max_install_names -v CMakeFiles/cmTC_b3d66.dir/CMakeCCompilerABI.c.o -lSystem /Library/Developer/CommandLineTools/usr/lib/clang/10.0.1/lib/darwin/libclang_rt.osx.a
>>>>>>> resolve-merge
@(#)PROGRAM:ld  PROJECT:ld64-450.3
BUILD 18:01:43 Mar 13 2019
configured to support archs: armv6 armv7 armv7s arm64 arm64e arm64_32 i386 x86_64 x86_64h armv6m armv7k armv7m armv7em
Library search paths:
	/Library/Developer/CommandLineTools/SDKs/MacOSX10.14.sdk/usr/lib
Framework search paths:
	/Library/Developer/CommandLineTools/SDKs/MacOSX10.14.sdk/System/Library/Frameworks/


Parsed C implicit link information from above output:
  link line regex: [^( *|.*[/\])(ld|CMAKE_LINK_STARTFILE-NOTFOUND|([^/\]+-)?ld|collect2)[^/\]*( |$)]
  ignore line: [Change Dir: /Users/coryhodge/Documents/Master/Programming/_github_IU/Cmd_AbsFactory_StackCalc/Cmd_AbsFactory_StackCalc/cmake-build-debug/CMakeFiles/CMakeTmp]
  ignore line: []
<<<<<<< HEAD
<<<<<<< HEAD
  ignore line: [Run Build Command:"/usr/bin/make" "cmTC_2eedd/fast"]
  ignore line: [/Library/Developer/CommandLineTools/usr/bin/make -f CMakeFiles/cmTC_2eedd.dir/build.make CMakeFiles/cmTC_2eedd.dir/build]
  ignore line: [Building C object CMakeFiles/cmTC_2eedd.dir/CMakeCCompilerABI.c.o]
  ignore line: [/Library/Developer/CommandLineTools/usr/bin/cc   -isysroot /Library/Developer/CommandLineTools/SDKs/MacOSX10.14.sdk   -o CMakeFiles/cmTC_2eedd.dir/CMakeCCompilerABI.c.o   -c /Applications/CLion.app/Contents/bin/cmake/mac/share/cmake-3.13/Modules/CMakeCCompilerABI.c]
  ignore line: [Linking C executable cmTC_2eedd]
  ignore line: [/Applications/CLion.app/Contents/bin/cmake/mac/bin/cmake -E cmake_link_script CMakeFiles/cmTC_2eedd.dir/link.txt --verbose=1]
  ignore line: [/Library/Developer/CommandLineTools/usr/bin/cc   -isysroot /Library/Developer/CommandLineTools/SDKs/MacOSX10.14.sdk -Wl,-search_paths_first -Wl,-headerpad_max_install_names  -v -Wl,-v CMakeFiles/cmTC_2eedd.dir/CMakeCCompilerABI.c.o  -o cmTC_2eedd ]
=======
  ignore line: [Run Build Command:"/usr/bin/make" "cmTC_17e13/fast"]
  ignore line: [/Library/Developer/CommandLineTools/usr/bin/make -f CMakeFiles/cmTC_17e13.dir/build.make CMakeFiles/cmTC_17e13.dir/build]
  ignore line: [Building C object CMakeFiles/cmTC_17e13.dir/CMakeCCompilerABI.c.o]
  ignore line: [/Library/Developer/CommandLineTools/usr/bin/cc   -isysroot /Library/Developer/CommandLineTools/SDKs/MacOSX10.14.sdk   -o CMakeFiles/cmTC_17e13.dir/CMakeCCompilerABI.c.o   -c /Applications/CLion.app/Contents/bin/cmake/mac/share/cmake-3.13/Modules/CMakeCCompilerABI.c]
  ignore line: [Linking C executable cmTC_17e13]
  ignore line: [/Applications/CLion.app/Contents/bin/cmake/mac/bin/cmake -E cmake_link_script CMakeFiles/cmTC_17e13.dir/link.txt --verbose=1]
  ignore line: [/Library/Developer/CommandLineTools/usr/bin/cc   -isysroot /Library/Developer/CommandLineTools/SDKs/MacOSX10.14.sdk -Wl,-search_paths_first -Wl,-headerpad_max_install_names  -v -Wl,-v CMakeFiles/cmTC_17e13.dir/CMakeCCompilerABI.c.o  -o cmTC_17e13 ]
>>>>>>> fix-comments
=======
  ignore line: [Run Build Command:"/usr/bin/make" "cmTC_b3d66/fast"]
  ignore line: [/Library/Developer/CommandLineTools/usr/bin/make -f CMakeFiles/cmTC_b3d66.dir/build.make CMakeFiles/cmTC_b3d66.dir/build]
  ignore line: [Building C object CMakeFiles/cmTC_b3d66.dir/CMakeCCompilerABI.c.o]
  ignore line: [/Library/Developer/CommandLineTools/usr/bin/cc   -isysroot /Library/Developer/CommandLineTools/SDKs/MacOSX10.14.sdk   -o CMakeFiles/cmTC_b3d66.dir/CMakeCCompilerABI.c.o   -c /Applications/CLion.app/Contents/bin/cmake/mac/share/cmake-3.13/Modules/CMakeCCompilerABI.c]
  ignore line: [Linking C executable cmTC_b3d66]
  ignore line: [/Applications/CLion.app/Contents/bin/cmake/mac/bin/cmake -E cmake_link_script CMakeFiles/cmTC_b3d66.dir/link.txt --verbose=1]
  ignore line: [/Library/Developer/CommandLineTools/usr/bin/cc   -isysroot /Library/Developer/CommandLineTools/SDKs/MacOSX10.14.sdk -Wl,-search_paths_first -Wl,-headerpad_max_install_names  -v -Wl,-v CMakeFiles/cmTC_b3d66.dir/CMakeCCompilerABI.c.o  -o cmTC_b3d66 ]
>>>>>>> resolve-merge
  ignore line: [Apple LLVM version 10.0.1 (clang-1001.0.46.3)]
  ignore line: [Target: x86_64-apple-darwin18.5.0]
  ignore line: [Thread model: posix]
  ignore line: [InstalledDir: /Library/Developer/CommandLineTools/usr/bin]
<<<<<<< HEAD
<<<<<<< HEAD
  link line: [ "/Library/Developer/CommandLineTools/usr/bin/ld" -demangle -lto_library /Library/Developer/CommandLineTools/usr/lib/libLTO.dylib -dynamic -arch x86_64 -macosx_version_min 10.14.0 -syslibroot /Library/Developer/CommandLineTools/SDKs/MacOSX10.14.sdk -o cmTC_2eedd -search_paths_first -headerpad_max_install_names -v CMakeFiles/cmTC_2eedd.dir/CMakeCCompilerABI.c.o -lSystem /Library/Developer/CommandLineTools/usr/lib/clang/10.0.1/lib/darwin/libclang_rt.osx.a]
=======
  link line: [ "/Library/Developer/CommandLineTools/usr/bin/ld" -demangle -lto_library /Library/Developer/CommandLineTools/usr/lib/libLTO.dylib -dynamic -arch x86_64 -macosx_version_min 10.14.0 -syslibroot /Library/Developer/CommandLineTools/SDKs/MacOSX10.14.sdk -o cmTC_17e13 -search_paths_first -headerpad_max_install_names -v CMakeFiles/cmTC_17e13.dir/CMakeCCompilerABI.c.o -lSystem /Library/Developer/CommandLineTools/usr/lib/clang/10.0.1/lib/darwin/libclang_rt.osx.a]
>>>>>>> fix-comments
=======
  link line: [ "/Library/Developer/CommandLineTools/usr/bin/ld" -demangle -lto_library /Library/Developer/CommandLineTools/usr/lib/libLTO.dylib -dynamic -arch x86_64 -macosx_version_min 10.14.0 -syslibroot /Library/Developer/CommandLineTools/SDKs/MacOSX10.14.sdk -o cmTC_b3d66 -search_paths_first -headerpad_max_install_names -v CMakeFiles/cmTC_b3d66.dir/CMakeCCompilerABI.c.o -lSystem /Library/Developer/CommandLineTools/usr/lib/clang/10.0.1/lib/darwin/libclang_rt.osx.a]
>>>>>>> resolve-merge
    arg [/Library/Developer/CommandLineTools/usr/bin/ld] ==> ignore
    arg [-demangle] ==> ignore
    arg [-lto_library] ==> ignore, skip following value
    arg [/Library/Developer/CommandLineTools/usr/lib/libLTO.dylib] ==> skip value of -lto_library
    arg [-dynamic] ==> ignore
    arg [-arch] ==> ignore
    arg [x86_64] ==> ignore
    arg [-macosx_version_min] ==> ignore
    arg [10.14.0] ==> ignore
    arg [-syslibroot] ==> ignore
    arg [/Library/Developer/CommandLineTools/SDKs/MacOSX10.14.sdk] ==> ignore
    arg [-o] ==> ignore
<<<<<<< HEAD
<<<<<<< HEAD
    arg [cmTC_2eedd] ==> ignore
    arg [-search_paths_first] ==> ignore
    arg [-headerpad_max_install_names] ==> ignore
    arg [-v] ==> ignore
    arg [CMakeFiles/cmTC_2eedd.dir/CMakeCCompilerABI.c.o] ==> ignore
=======
    arg [cmTC_17e13] ==> ignore
    arg [-search_paths_first] ==> ignore
    arg [-headerpad_max_install_names] ==> ignore
    arg [-v] ==> ignore
    arg [CMakeFiles/cmTC_17e13.dir/CMakeCCompilerABI.c.o] ==> ignore
>>>>>>> fix-comments
=======
    arg [cmTC_b3d66] ==> ignore
    arg [-search_paths_first] ==> ignore
    arg [-headerpad_max_install_names] ==> ignore
    arg [-v] ==> ignore
    arg [CMakeFiles/cmTC_b3d66.dir/CMakeCCompilerABI.c.o] ==> ignore
>>>>>>> resolve-merge
    arg [-lSystem] ==> lib [System]
    arg [/Library/Developer/CommandLineTools/usr/lib/clang/10.0.1/lib/darwin/libclang_rt.osx.a] ==> lib [/Library/Developer/CommandLineTools/usr/lib/clang/10.0.1/lib/darwin/libclang_rt.osx.a]
  Library search paths: [;/Library/Developer/CommandLineTools/SDKs/MacOSX10.14.sdk/usr/lib]
  Framework search paths: [;/Library/Developer/CommandLineTools/SDKs/MacOSX10.14.sdk/System/Library/Frameworks/]
  remove lib [System]
  remove lib [/Library/Developer/CommandLineTools/usr/lib/clang/10.0.1/lib/darwin/libclang_rt.osx.a]
  collapse library dir [/Library/Developer/CommandLineTools/SDKs/MacOSX10.14.sdk/usr/lib] ==> [/Library/Developer/CommandLineTools/SDKs/MacOSX10.14.sdk/usr/lib]
  collapse framework dir [/Library/Developer/CommandLineTools/SDKs/MacOSX10.14.sdk/System/Library/Frameworks/] ==> [/Library/Developer/CommandLineTools/SDKs/MacOSX10.14.sdk/System/Library/Frameworks]
  implicit libs: []
  implicit dirs: [/Library/Developer/CommandLineTools/SDKs/MacOSX10.14.sdk/usr/lib]
  implicit fwks: [/Library/Developer/CommandLineTools/SDKs/MacOSX10.14.sdk/System/Library/Frameworks]




Detecting C [-std=c11] compiler features compiled with the following output:
Change Dir: /Users/coryhodge/Documents/Master/Programming/_github_IU/Cmd_AbsFactory_StackCalc/Cmd_AbsFactory_StackCalc/cmake-build-debug/CMakeFiles/CMakeTmp

<<<<<<< HEAD
<<<<<<< HEAD
Run Build Command:"/usr/bin/make" "cmTC_15e08/fast"
/Library/Developer/CommandLineTools/usr/bin/make -f CMakeFiles/cmTC_15e08.dir/build.make CMakeFiles/cmTC_15e08.dir/build
Building C object CMakeFiles/cmTC_15e08.dir/feature_tests.c.o
/Library/Developer/CommandLineTools/usr/bin/cc   -isysroot /Library/Developer/CommandLineTools/SDKs/MacOSX10.14.sdk   -std=c11 -o CMakeFiles/cmTC_15e08.dir/feature_tests.c.o   -c /Users/coryhodge/Documents/Master/Programming/_github_IU/Cmd_AbsFactory_StackCalc/Cmd_AbsFactory_StackCalc/cmake-build-debug/CMakeFiles/feature_tests.c
Linking C executable cmTC_15e08
/Applications/CLion.app/Contents/bin/cmake/mac/bin/cmake -E cmake_link_script CMakeFiles/cmTC_15e08.dir/link.txt --verbose=1
/Library/Developer/CommandLineTools/usr/bin/cc   -isysroot /Library/Developer/CommandLineTools/SDKs/MacOSX10.14.sdk -Wl,-search_paths_first -Wl,-headerpad_max_install_names   CMakeFiles/cmTC_15e08.dir/feature_tests.c.o  -o cmTC_15e08 
=======
Run Build Command:"/usr/bin/make" "cmTC_feeb5/fast"
/Library/Developer/CommandLineTools/usr/bin/make -f CMakeFiles/cmTC_feeb5.dir/build.make CMakeFiles/cmTC_feeb5.dir/build
Building C object CMakeFiles/cmTC_feeb5.dir/feature_tests.c.o
/Library/Developer/CommandLineTools/usr/bin/cc   -isysroot /Library/Developer/CommandLineTools/SDKs/MacOSX10.14.sdk   -std=c11 -o CMakeFiles/cmTC_feeb5.dir/feature_tests.c.o   -c /Users/coryhodge/Documents/Master/Programming/_github_IU/Cmd_AbsFactory_StackCalc/Cmd_AbsFactory_StackCalc/cmake-build-debug/CMakeFiles/feature_tests.c
Linking C executable cmTC_feeb5
/Applications/CLion.app/Contents/bin/cmake/mac/bin/cmake -E cmake_link_script CMakeFiles/cmTC_feeb5.dir/link.txt --verbose=1
/Library/Developer/CommandLineTools/usr/bin/cc   -isysroot /Library/Developer/CommandLineTools/SDKs/MacOSX10.14.sdk -Wl,-search_paths_first -Wl,-headerpad_max_install_names   CMakeFiles/cmTC_feeb5.dir/feature_tests.c.o  -o cmTC_feeb5 
>>>>>>> fix-comments
=======
Run Build Command:"/usr/bin/make" "cmTC_f1e4a/fast"
/Library/Developer/CommandLineTools/usr/bin/make -f CMakeFiles/cmTC_f1e4a.dir/build.make CMakeFiles/cmTC_f1e4a.dir/build
Building C object CMakeFiles/cmTC_f1e4a.dir/feature_tests.c.o
/Library/Developer/CommandLineTools/usr/bin/cc   -isysroot /Library/Developer/CommandLineTools/SDKs/MacOSX10.14.sdk   -std=c11 -o CMakeFiles/cmTC_f1e4a.dir/feature_tests.c.o   -c /Users/coryhodge/Documents/Master/Programming/_github_IU/Cmd_AbsFactory_StackCalc/Cmd_AbsFactory_StackCalc/cmake-build-debug/CMakeFiles/feature_tests.c
Linking C executable cmTC_f1e4a
/Applications/CLion.app/Contents/bin/cmake/mac/bin/cmake -E cmake_link_script CMakeFiles/cmTC_f1e4a.dir/link.txt --verbose=1
/Library/Developer/CommandLineTools/usr/bin/cc   -isysroot /Library/Developer/CommandLineTools/SDKs/MacOSX10.14.sdk -Wl,-search_paths_first -Wl,-headerpad_max_install_names   CMakeFiles/cmTC_f1e4a.dir/feature_tests.c.o  -o cmTC_f1e4a 
>>>>>>> resolve-merge


    Feature record: C_FEATURE:1c_function_prototypes
    Feature record: C_FEATURE:1c_restrict
    Feature record: C_FEATURE:1c_static_assert
    Feature record: C_FEATURE:1c_variadic_macros


Detecting C [-std=c99] compiler features compiled with the following output:
Change Dir: /Users/coryhodge/Documents/Master/Programming/_github_IU/Cmd_AbsFactory_StackCalc/Cmd_AbsFactory_StackCalc/cmake-build-debug/CMakeFiles/CMakeTmp

<<<<<<< HEAD
<<<<<<< HEAD
Run Build Command:"/usr/bin/make" "cmTC_c8183/fast"
/Library/Developer/CommandLineTools/usr/bin/make -f CMakeFiles/cmTC_c8183.dir/build.make CMakeFiles/cmTC_c8183.dir/build
Building C object CMakeFiles/cmTC_c8183.dir/feature_tests.c.o
/Library/Developer/CommandLineTools/usr/bin/cc   -isysroot /Library/Developer/CommandLineTools/SDKs/MacOSX10.14.sdk   -std=c99 -o CMakeFiles/cmTC_c8183.dir/feature_tests.c.o   -c /Users/coryhodge/Documents/Master/Programming/_github_IU/Cmd_AbsFactory_StackCalc/Cmd_AbsFactory_StackCalc/cmake-build-debug/CMakeFiles/feature_tests.c
Linking C executable cmTC_c8183
/Applications/CLion.app/Contents/bin/cmake/mac/bin/cmake -E cmake_link_script CMakeFiles/cmTC_c8183.dir/link.txt --verbose=1
/Library/Developer/CommandLineTools/usr/bin/cc   -isysroot /Library/Developer/CommandLineTools/SDKs/MacOSX10.14.sdk -Wl,-search_paths_first -Wl,-headerpad_max_install_names   CMakeFiles/cmTC_c8183.dir/feature_tests.c.o  -o cmTC_c8183 
=======
Run Build Command:"/usr/bin/make" "cmTC_4d230/fast"
/Library/Developer/CommandLineTools/usr/bin/make -f CMakeFiles/cmTC_4d230.dir/build.make CMakeFiles/cmTC_4d230.dir/build
Building C object CMakeFiles/cmTC_4d230.dir/feature_tests.c.o
/Library/Developer/CommandLineTools/usr/bin/cc   -isysroot /Library/Developer/CommandLineTools/SDKs/MacOSX10.14.sdk   -std=c99 -o CMakeFiles/cmTC_4d230.dir/feature_tests.c.o   -c /Users/coryhodge/Documents/Master/Programming/_github_IU/Cmd_AbsFactory_StackCalc/Cmd_AbsFactory_StackCalc/cmake-build-debug/CMakeFiles/feature_tests.c
Linking C executable cmTC_4d230
/Applications/CLion.app/Contents/bin/cmake/mac/bin/cmake -E cmake_link_script CMakeFiles/cmTC_4d230.dir/link.txt --verbose=1
/Library/Developer/CommandLineTools/usr/bin/cc   -isysroot /Library/Developer/CommandLineTools/SDKs/MacOSX10.14.sdk -Wl,-search_paths_first -Wl,-headerpad_max_install_names   CMakeFiles/cmTC_4d230.dir/feature_tests.c.o  -o cmTC_4d230 
>>>>>>> fix-comments
=======
Run Build Command:"/usr/bin/make" "cmTC_0d171/fast"
/Library/Developer/CommandLineTools/usr/bin/make -f CMakeFiles/cmTC_0d171.dir/build.make CMakeFiles/cmTC_0d171.dir/build
Building C object CMakeFiles/cmTC_0d171.dir/feature_tests.c.o
/Library/Developer/CommandLineTools/usr/bin/cc   -isysroot /Library/Developer/CommandLineTools/SDKs/MacOSX10.14.sdk   -std=c99 -o CMakeFiles/cmTC_0d171.dir/feature_tests.c.o   -c /Users/coryhodge/Documents/Master/Programming/_github_IU/Cmd_AbsFactory_StackCalc/Cmd_AbsFactory_StackCalc/cmake-build-debug/CMakeFiles/feature_tests.c
Linking C executable cmTC_0d171
/Applications/CLion.app/Contents/bin/cmake/mac/bin/cmake -E cmake_link_script CMakeFiles/cmTC_0d171.dir/link.txt --verbose=1
/Library/Developer/CommandLineTools/usr/bin/cc   -isysroot /Library/Developer/CommandLineTools/SDKs/MacOSX10.14.sdk -Wl,-search_paths_first -Wl,-headerpad_max_install_names   CMakeFiles/cmTC_0d171.dir/feature_tests.c.o  -o cmTC_0d171 
>>>>>>> resolve-merge


    Feature record: C_FEATURE:1c_function_prototypes
    Feature record: C_FEATURE:1c_restrict
    Feature record: C_FEATURE:0c_static_assert
    Feature record: C_FEATURE:1c_variadic_macros


Detecting C [-std=c90] compiler features compiled with the following output:
Change Dir: /Users/coryhodge/Documents/Master/Programming/_github_IU/Cmd_AbsFactory_StackCalc/Cmd_AbsFactory_StackCalc/cmake-build-debug/CMakeFiles/CMakeTmp

<<<<<<< HEAD
<<<<<<< HEAD
Run Build Command:"/usr/bin/make" "cmTC_c05a8/fast"
/Library/Developer/CommandLineTools/usr/bin/make -f CMakeFiles/cmTC_c05a8.dir/build.make CMakeFiles/cmTC_c05a8.dir/build
Building C object CMakeFiles/cmTC_c05a8.dir/feature_tests.c.o
/Library/Developer/CommandLineTools/usr/bin/cc   -isysroot /Library/Developer/CommandLineTools/SDKs/MacOSX10.14.sdk   -std=c90 -o CMakeFiles/cmTC_c05a8.dir/feature_tests.c.o   -c /Users/coryhodge/Documents/Master/Programming/_github_IU/Cmd_AbsFactory_StackCalc/Cmd_AbsFactory_StackCalc/cmake-build-debug/CMakeFiles/feature_tests.c
Linking C executable cmTC_c05a8
/Applications/CLion.app/Contents/bin/cmake/mac/bin/cmake -E cmake_link_script CMakeFiles/cmTC_c05a8.dir/link.txt --verbose=1
/Library/Developer/CommandLineTools/usr/bin/cc   -isysroot /Library/Developer/CommandLineTools/SDKs/MacOSX10.14.sdk -Wl,-search_paths_first -Wl,-headerpad_max_install_names   CMakeFiles/cmTC_c05a8.dir/feature_tests.c.o  -o cmTC_c05a8 
=======
Run Build Command:"/usr/bin/make" "cmTC_9c425/fast"
/Library/Developer/CommandLineTools/usr/bin/make -f CMakeFiles/cmTC_9c425.dir/build.make CMakeFiles/cmTC_9c425.dir/build
Building C object CMakeFiles/cmTC_9c425.dir/feature_tests.c.o
/Library/Developer/CommandLineTools/usr/bin/cc   -isysroot /Library/Developer/CommandLineTools/SDKs/MacOSX10.14.sdk   -std=c90 -o CMakeFiles/cmTC_9c425.dir/feature_tests.c.o   -c /Users/coryhodge/Documents/Master/Programming/_github_IU/Cmd_AbsFactory_StackCalc/Cmd_AbsFactory_StackCalc/cmake-build-debug/CMakeFiles/feature_tests.c
Linking C executable cmTC_9c425
/Applications/CLion.app/Contents/bin/cmake/mac/bin/cmake -E cmake_link_script CMakeFiles/cmTC_9c425.dir/link.txt --verbose=1
/Library/Developer/CommandLineTools/usr/bin/cc   -isysroot /Library/Developer/CommandLineTools/SDKs/MacOSX10.14.sdk -Wl,-search_paths_first -Wl,-headerpad_max_install_names   CMakeFiles/cmTC_9c425.dir/feature_tests.c.o  -o cmTC_9c425 
>>>>>>> fix-comments
=======
Run Build Command:"/usr/bin/make" "cmTC_4670f/fast"
/Library/Developer/CommandLineTools/usr/bin/make -f CMakeFiles/cmTC_4670f.dir/build.make CMakeFiles/cmTC_4670f.dir/build
Building C object CMakeFiles/cmTC_4670f.dir/feature_tests.c.o
/Library/Developer/CommandLineTools/usr/bin/cc   -isysroot /Library/Developer/CommandLineTools/SDKs/MacOSX10.14.sdk   -std=c90 -o CMakeFiles/cmTC_4670f.dir/feature_tests.c.o   -c /Users/coryhodge/Documents/Master/Programming/_github_IU/Cmd_AbsFactory_StackCalc/Cmd_AbsFactory_StackCalc/cmake-build-debug/CMakeFiles/feature_tests.c
Linking C executable cmTC_4670f
/Applications/CLion.app/Contents/bin/cmake/mac/bin/cmake -E cmake_link_script CMakeFiles/cmTC_4670f.dir/link.txt --verbose=1
/Library/Developer/CommandLineTools/usr/bin/cc   -isysroot /Library/Developer/CommandLineTools/SDKs/MacOSX10.14.sdk -Wl,-search_paths_first -Wl,-headerpad_max_install_names   CMakeFiles/cmTC_4670f.dir/feature_tests.c.o  -o cmTC_4670f 
>>>>>>> resolve-merge


    Feature record: C_FEATURE:1c_function_prototypes
    Feature record: C_FEATURE:0c_restrict
    Feature record: C_FEATURE:0c_static_assert
    Feature record: C_FEATURE:0c_variadic_macros
Determining if the CXX compiler works passed with the following output:
Change Dir: /Users/coryhodge/Documents/Master/Programming/_github_IU/Cmd_AbsFactory_StackCalc/Cmd_AbsFactory_StackCalc/cmake-build-debug/CMakeFiles/CMakeTmp

<<<<<<< HEAD
<<<<<<< HEAD
Run Build Command:"/usr/bin/make" "cmTC_57427/fast"
/Library/Developer/CommandLineTools/usr/bin/make -f CMakeFiles/cmTC_57427.dir/build.make CMakeFiles/cmTC_57427.dir/build
Building CXX object CMakeFiles/cmTC_57427.dir/testCXXCompiler.cxx.o
/Library/Developer/CommandLineTools/usr/bin/c++    -isysroot /Library/Developer/CommandLineTools/SDKs/MacOSX10.14.sdk   -o CMakeFiles/cmTC_57427.dir/testCXXCompiler.cxx.o -c /Users/coryhodge/Documents/Master/Programming/_github_IU/Cmd_AbsFactory_StackCalc/Cmd_AbsFactory_StackCalc/cmake-build-debug/CMakeFiles/CMakeTmp/testCXXCompiler.cxx
Linking CXX executable cmTC_57427
/Applications/CLion.app/Contents/bin/cmake/mac/bin/cmake -E cmake_link_script CMakeFiles/cmTC_57427.dir/link.txt --verbose=1
/Library/Developer/CommandLineTools/usr/bin/c++    -isysroot /Library/Developer/CommandLineTools/SDKs/MacOSX10.14.sdk -Wl,-search_paths_first -Wl,-headerpad_max_install_names   CMakeFiles/cmTC_57427.dir/testCXXCompiler.cxx.o  -o cmTC_57427 
=======
Run Build Command:"/usr/bin/make" "cmTC_3d5fc/fast"
/Library/Developer/CommandLineTools/usr/bin/make -f CMakeFiles/cmTC_3d5fc.dir/build.make CMakeFiles/cmTC_3d5fc.dir/build
Building CXX object CMakeFiles/cmTC_3d5fc.dir/testCXXCompiler.cxx.o
/Library/Developer/CommandLineTools/usr/bin/c++    -isysroot /Library/Developer/CommandLineTools/SDKs/MacOSX10.14.sdk   -o CMakeFiles/cmTC_3d5fc.dir/testCXXCompiler.cxx.o -c /Users/coryhodge/Documents/Master/Programming/_github_IU/Cmd_AbsFactory_StackCalc/Cmd_AbsFactory_StackCalc/cmake-build-debug/CMakeFiles/CMakeTmp/testCXXCompiler.cxx
Linking CXX executable cmTC_3d5fc
/Applications/CLion.app/Contents/bin/cmake/mac/bin/cmake -E cmake_link_script CMakeFiles/cmTC_3d5fc.dir/link.txt --verbose=1
/Library/Developer/CommandLineTools/usr/bin/c++    -isysroot /Library/Developer/CommandLineTools/SDKs/MacOSX10.14.sdk -Wl,-search_paths_first -Wl,-headerpad_max_install_names   CMakeFiles/cmTC_3d5fc.dir/testCXXCompiler.cxx.o  -o cmTC_3d5fc 
>>>>>>> fix-comments
=======
Run Build Command:"/usr/bin/make" "cmTC_dae8e/fast"
/Library/Developer/CommandLineTools/usr/bin/make -f CMakeFiles/cmTC_dae8e.dir/build.make CMakeFiles/cmTC_dae8e.dir/build
Building CXX object CMakeFiles/cmTC_dae8e.dir/testCXXCompiler.cxx.o
/Library/Developer/CommandLineTools/usr/bin/c++    -isysroot /Library/Developer/CommandLineTools/SDKs/MacOSX10.14.sdk   -o CMakeFiles/cmTC_dae8e.dir/testCXXCompiler.cxx.o -c /Users/coryhodge/Documents/Master/Programming/_github_IU/Cmd_AbsFactory_StackCalc/Cmd_AbsFactory_StackCalc/cmake-build-debug/CMakeFiles/CMakeTmp/testCXXCompiler.cxx
Linking CXX executable cmTC_dae8e
/Applications/CLion.app/Contents/bin/cmake/mac/bin/cmake -E cmake_link_script CMakeFiles/cmTC_dae8e.dir/link.txt --verbose=1
/Library/Developer/CommandLineTools/usr/bin/c++    -isysroot /Library/Developer/CommandLineTools/SDKs/MacOSX10.14.sdk -Wl,-search_paths_first -Wl,-headerpad_max_install_names   CMakeFiles/cmTC_dae8e.dir/testCXXCompiler.cxx.o  -o cmTC_dae8e 
>>>>>>> resolve-merge


Detecting CXX compiler ABI info compiled with the following output:
Change Dir: /Users/coryhodge/Documents/Master/Programming/_github_IU/Cmd_AbsFactory_StackCalc/Cmd_AbsFactory_StackCalc/cmake-build-debug/CMakeFiles/CMakeTmp

<<<<<<< HEAD
<<<<<<< HEAD
Run Build Command:"/usr/bin/make" "cmTC_29248/fast"
/Library/Developer/CommandLineTools/usr/bin/make -f CMakeFiles/cmTC_29248.dir/build.make CMakeFiles/cmTC_29248.dir/build
Building CXX object CMakeFiles/cmTC_29248.dir/CMakeCXXCompilerABI.cpp.o
/Library/Developer/CommandLineTools/usr/bin/c++    -isysroot /Library/Developer/CommandLineTools/SDKs/MacOSX10.14.sdk   -o CMakeFiles/cmTC_29248.dir/CMakeCXXCompilerABI.cpp.o -c /Applications/CLion.app/Contents/bin/cmake/mac/share/cmake-3.13/Modules/CMakeCXXCompilerABI.cpp
Linking CXX executable cmTC_29248
/Applications/CLion.app/Contents/bin/cmake/mac/bin/cmake -E cmake_link_script CMakeFiles/cmTC_29248.dir/link.txt --verbose=1
/Library/Developer/CommandLineTools/usr/bin/c++    -isysroot /Library/Developer/CommandLineTools/SDKs/MacOSX10.14.sdk -Wl,-search_paths_first -Wl,-headerpad_max_install_names  -v -Wl,-v CMakeFiles/cmTC_29248.dir/CMakeCXXCompilerABI.cpp.o  -o cmTC_29248 
=======
Run Build Command:"/usr/bin/make" "cmTC_f1a6e/fast"
/Library/Developer/CommandLineTools/usr/bin/make -f CMakeFiles/cmTC_f1a6e.dir/build.make CMakeFiles/cmTC_f1a6e.dir/build
Building CXX object CMakeFiles/cmTC_f1a6e.dir/CMakeCXXCompilerABI.cpp.o
/Library/Developer/CommandLineTools/usr/bin/c++    -isysroot /Library/Developer/CommandLineTools/SDKs/MacOSX10.14.sdk   -o CMakeFiles/cmTC_f1a6e.dir/CMakeCXXCompilerABI.cpp.o -c /Applications/CLion.app/Contents/bin/cmake/mac/share/cmake-3.13/Modules/CMakeCXXCompilerABI.cpp
Linking CXX executable cmTC_f1a6e
/Applications/CLion.app/Contents/bin/cmake/mac/bin/cmake -E cmake_link_script CMakeFiles/cmTC_f1a6e.dir/link.txt --verbose=1
/Library/Developer/CommandLineTools/usr/bin/c++    -isysroot /Library/Developer/CommandLineTools/SDKs/MacOSX10.14.sdk -Wl,-search_paths_first -Wl,-headerpad_max_install_names  -v -Wl,-v CMakeFiles/cmTC_f1a6e.dir/CMakeCXXCompilerABI.cpp.o  -o cmTC_f1a6e 
>>>>>>> fix-comments
=======
Run Build Command:"/usr/bin/make" "cmTC_77977/fast"
/Library/Developer/CommandLineTools/usr/bin/make -f CMakeFiles/cmTC_77977.dir/build.make CMakeFiles/cmTC_77977.dir/build
Building CXX object CMakeFiles/cmTC_77977.dir/CMakeCXXCompilerABI.cpp.o
/Library/Developer/CommandLineTools/usr/bin/c++    -isysroot /Library/Developer/CommandLineTools/SDKs/MacOSX10.14.sdk   -o CMakeFiles/cmTC_77977.dir/CMakeCXXCompilerABI.cpp.o -c /Applications/CLion.app/Contents/bin/cmake/mac/share/cmake-3.13/Modules/CMakeCXXCompilerABI.cpp
Linking CXX executable cmTC_77977
/Applications/CLion.app/Contents/bin/cmake/mac/bin/cmake -E cmake_link_script CMakeFiles/cmTC_77977.dir/link.txt --verbose=1
/Library/Developer/CommandLineTools/usr/bin/c++    -isysroot /Library/Developer/CommandLineTools/SDKs/MacOSX10.14.sdk -Wl,-search_paths_first -Wl,-headerpad_max_install_names  -v -Wl,-v CMakeFiles/cmTC_77977.dir/CMakeCXXCompilerABI.cpp.o  -o cmTC_77977 
>>>>>>> resolve-merge
Apple LLVM version 10.0.1 (clang-1001.0.46.3)
Target: x86_64-apple-darwin18.5.0
Thread model: posix
InstalledDir: /Library/Developer/CommandLineTools/usr/bin
<<<<<<< HEAD
<<<<<<< HEAD
 "/Library/Developer/CommandLineTools/usr/bin/ld" -demangle -lto_library /Library/Developer/CommandLineTools/usr/lib/libLTO.dylib -dynamic -arch x86_64 -macosx_version_min 10.14.0 -syslibroot /Library/Developer/CommandLineTools/SDKs/MacOSX10.14.sdk -o cmTC_29248 -search_paths_first -headerpad_max_install_names -v CMakeFiles/cmTC_29248.dir/CMakeCXXCompilerABI.cpp.o -lc++ -lSystem /Library/Developer/CommandLineTools/usr/lib/clang/10.0.1/lib/darwin/libclang_rt.osx.a
=======
 "/Library/Developer/CommandLineTools/usr/bin/ld" -demangle -lto_library /Library/Developer/CommandLineTools/usr/lib/libLTO.dylib -dynamic -arch x86_64 -macosx_version_min 10.14.0 -syslibroot /Library/Developer/CommandLineTools/SDKs/MacOSX10.14.sdk -o cmTC_f1a6e -search_paths_first -headerpad_max_install_names -v CMakeFiles/cmTC_f1a6e.dir/CMakeCXXCompilerABI.cpp.o -lc++ -lSystem /Library/Developer/CommandLineTools/usr/lib/clang/10.0.1/lib/darwin/libclang_rt.osx.a
>>>>>>> fix-comments
=======
 "/Library/Developer/CommandLineTools/usr/bin/ld" -demangle -lto_library /Library/Developer/CommandLineTools/usr/lib/libLTO.dylib -dynamic -arch x86_64 -macosx_version_min 10.14.0 -syslibroot /Library/Developer/CommandLineTools/SDKs/MacOSX10.14.sdk -o cmTC_77977 -search_paths_first -headerpad_max_install_names -v CMakeFiles/cmTC_77977.dir/CMakeCXXCompilerABI.cpp.o -lc++ -lSystem /Library/Developer/CommandLineTools/usr/lib/clang/10.0.1/lib/darwin/libclang_rt.osx.a
>>>>>>> resolve-merge
@(#)PROGRAM:ld  PROJECT:ld64-450.3
BUILD 18:01:43 Mar 13 2019
configured to support archs: armv6 armv7 armv7s arm64 arm64e arm64_32 i386 x86_64 x86_64h armv6m armv7k armv7m armv7em
Library search paths:
	/Library/Developer/CommandLineTools/SDKs/MacOSX10.14.sdk/usr/lib
Framework search paths:
	/Library/Developer/CommandLineTools/SDKs/MacOSX10.14.sdk/System/Library/Frameworks/


Parsed CXX implicit link information from above output:
  link line regex: [^( *|.*[/\])(ld|CMAKE_LINK_STARTFILE-NOTFOUND|([^/\]+-)?ld|collect2)[^/\]*( |$)]
  ignore line: [Change Dir: /Users/coryhodge/Documents/Master/Programming/_github_IU/Cmd_AbsFactory_StackCalc/Cmd_AbsFactory_StackCalc/cmake-build-debug/CMakeFiles/CMakeTmp]
  ignore line: []
<<<<<<< HEAD
<<<<<<< HEAD
  ignore line: [Run Build Command:"/usr/bin/make" "cmTC_29248/fast"]
  ignore line: [/Library/Developer/CommandLineTools/usr/bin/make -f CMakeFiles/cmTC_29248.dir/build.make CMakeFiles/cmTC_29248.dir/build]
  ignore line: [Building CXX object CMakeFiles/cmTC_29248.dir/CMakeCXXCompilerABI.cpp.o]
  ignore line: [/Library/Developer/CommandLineTools/usr/bin/c++    -isysroot /Library/Developer/CommandLineTools/SDKs/MacOSX10.14.sdk   -o CMakeFiles/cmTC_29248.dir/CMakeCXXCompilerABI.cpp.o -c /Applications/CLion.app/Contents/bin/cmake/mac/share/cmake-3.13/Modules/CMakeCXXCompilerABI.cpp]
  ignore line: [Linking CXX executable cmTC_29248]
  ignore line: [/Applications/CLion.app/Contents/bin/cmake/mac/bin/cmake -E cmake_link_script CMakeFiles/cmTC_29248.dir/link.txt --verbose=1]
  ignore line: [/Library/Developer/CommandLineTools/usr/bin/c++    -isysroot /Library/Developer/CommandLineTools/SDKs/MacOSX10.14.sdk -Wl,-search_paths_first -Wl,-headerpad_max_install_names  -v -Wl,-v CMakeFiles/cmTC_29248.dir/CMakeCXXCompilerABI.cpp.o  -o cmTC_29248 ]
=======
  ignore line: [Run Build Command:"/usr/bin/make" "cmTC_f1a6e/fast"]
  ignore line: [/Library/Developer/CommandLineTools/usr/bin/make -f CMakeFiles/cmTC_f1a6e.dir/build.make CMakeFiles/cmTC_f1a6e.dir/build]
  ignore line: [Building CXX object CMakeFiles/cmTC_f1a6e.dir/CMakeCXXCompilerABI.cpp.o]
  ignore line: [/Library/Developer/CommandLineTools/usr/bin/c++    -isysroot /Library/Developer/CommandLineTools/SDKs/MacOSX10.14.sdk   -o CMakeFiles/cmTC_f1a6e.dir/CMakeCXXCompilerABI.cpp.o -c /Applications/CLion.app/Contents/bin/cmake/mac/share/cmake-3.13/Modules/CMakeCXXCompilerABI.cpp]
  ignore line: [Linking CXX executable cmTC_f1a6e]
  ignore line: [/Applications/CLion.app/Contents/bin/cmake/mac/bin/cmake -E cmake_link_script CMakeFiles/cmTC_f1a6e.dir/link.txt --verbose=1]
  ignore line: [/Library/Developer/CommandLineTools/usr/bin/c++    -isysroot /Library/Developer/CommandLineTools/SDKs/MacOSX10.14.sdk -Wl,-search_paths_first -Wl,-headerpad_max_install_names  -v -Wl,-v CMakeFiles/cmTC_f1a6e.dir/CMakeCXXCompilerABI.cpp.o  -o cmTC_f1a6e ]
>>>>>>> fix-comments
=======
  ignore line: [Run Build Command:"/usr/bin/make" "cmTC_77977/fast"]
  ignore line: [/Library/Developer/CommandLineTools/usr/bin/make -f CMakeFiles/cmTC_77977.dir/build.make CMakeFiles/cmTC_77977.dir/build]
  ignore line: [Building CXX object CMakeFiles/cmTC_77977.dir/CMakeCXXCompilerABI.cpp.o]
  ignore line: [/Library/Developer/CommandLineTools/usr/bin/c++    -isysroot /Library/Developer/CommandLineTools/SDKs/MacOSX10.14.sdk   -o CMakeFiles/cmTC_77977.dir/CMakeCXXCompilerABI.cpp.o -c /Applications/CLion.app/Contents/bin/cmake/mac/share/cmake-3.13/Modules/CMakeCXXCompilerABI.cpp]
  ignore line: [Linking CXX executable cmTC_77977]
  ignore line: [/Applications/CLion.app/Contents/bin/cmake/mac/bin/cmake -E cmake_link_script CMakeFiles/cmTC_77977.dir/link.txt --verbose=1]
  ignore line: [/Library/Developer/CommandLineTools/usr/bin/c++    -isysroot /Library/Developer/CommandLineTools/SDKs/MacOSX10.14.sdk -Wl,-search_paths_first -Wl,-headerpad_max_install_names  -v -Wl,-v CMakeFiles/cmTC_77977.dir/CMakeCXXCompilerABI.cpp.o  -o cmTC_77977 ]
>>>>>>> resolve-merge
  ignore line: [Apple LLVM version 10.0.1 (clang-1001.0.46.3)]
  ignore line: [Target: x86_64-apple-darwin18.5.0]
  ignore line: [Thread model: posix]
  ignore line: [InstalledDir: /Library/Developer/CommandLineTools/usr/bin]
<<<<<<< HEAD
<<<<<<< HEAD
  link line: [ "/Library/Developer/CommandLineTools/usr/bin/ld" -demangle -lto_library /Library/Developer/CommandLineTools/usr/lib/libLTO.dylib -dynamic -arch x86_64 -macosx_version_min 10.14.0 -syslibroot /Library/Developer/CommandLineTools/SDKs/MacOSX10.14.sdk -o cmTC_29248 -search_paths_first -headerpad_max_install_names -v CMakeFiles/cmTC_29248.dir/CMakeCXXCompilerABI.cpp.o -lc++ -lSystem /Library/Developer/CommandLineTools/usr/lib/clang/10.0.1/lib/darwin/libclang_rt.osx.a]
=======
  link line: [ "/Library/Developer/CommandLineTools/usr/bin/ld" -demangle -lto_library /Library/Developer/CommandLineTools/usr/lib/libLTO.dylib -dynamic -arch x86_64 -macosx_version_min 10.14.0 -syslibroot /Library/Developer/CommandLineTools/SDKs/MacOSX10.14.sdk -o cmTC_f1a6e -search_paths_first -headerpad_max_install_names -v CMakeFiles/cmTC_f1a6e.dir/CMakeCXXCompilerABI.cpp.o -lc++ -lSystem /Library/Developer/CommandLineTools/usr/lib/clang/10.0.1/lib/darwin/libclang_rt.osx.a]
>>>>>>> fix-comments
=======
  link line: [ "/Library/Developer/CommandLineTools/usr/bin/ld" -demangle -lto_library /Library/Developer/CommandLineTools/usr/lib/libLTO.dylib -dynamic -arch x86_64 -macosx_version_min 10.14.0 -syslibroot /Library/Developer/CommandLineTools/SDKs/MacOSX10.14.sdk -o cmTC_77977 -search_paths_first -headerpad_max_install_names -v CMakeFiles/cmTC_77977.dir/CMakeCXXCompilerABI.cpp.o -lc++ -lSystem /Library/Developer/CommandLineTools/usr/lib/clang/10.0.1/lib/darwin/libclang_rt.osx.a]
>>>>>>> resolve-merge
    arg [/Library/Developer/CommandLineTools/usr/bin/ld] ==> ignore
    arg [-demangle] ==> ignore
    arg [-lto_library] ==> ignore, skip following value
    arg [/Library/Developer/CommandLineTools/usr/lib/libLTO.dylib] ==> skip value of -lto_library
    arg [-dynamic] ==> ignore
    arg [-arch] ==> ignore
    arg [x86_64] ==> ignore
    arg [-macosx_version_min] ==> ignore
    arg [10.14.0] ==> ignore
    arg [-syslibroot] ==> ignore
    arg [/Library/Developer/CommandLineTools/SDKs/MacOSX10.14.sdk] ==> ignore
    arg [-o] ==> ignore
<<<<<<< HEAD
<<<<<<< HEAD
    arg [cmTC_29248] ==> ignore
    arg [-search_paths_first] ==> ignore
    arg [-headerpad_max_install_names] ==> ignore
    arg [-v] ==> ignore
    arg [CMakeFiles/cmTC_29248.dir/CMakeCXXCompilerABI.cpp.o] ==> ignore
=======
    arg [cmTC_f1a6e] ==> ignore
    arg [-search_paths_first] ==> ignore
    arg [-headerpad_max_install_names] ==> ignore
    arg [-v] ==> ignore
    arg [CMakeFiles/cmTC_f1a6e.dir/CMakeCXXCompilerABI.cpp.o] ==> ignore
>>>>>>> fix-comments
=======
    arg [cmTC_77977] ==> ignore
    arg [-search_paths_first] ==> ignore
    arg [-headerpad_max_install_names] ==> ignore
    arg [-v] ==> ignore
    arg [CMakeFiles/cmTC_77977.dir/CMakeCXXCompilerABI.cpp.o] ==> ignore
>>>>>>> resolve-merge
    arg [-lc++] ==> lib [c++]
    arg [-lSystem] ==> lib [System]
    arg [/Library/Developer/CommandLineTools/usr/lib/clang/10.0.1/lib/darwin/libclang_rt.osx.a] ==> lib [/Library/Developer/CommandLineTools/usr/lib/clang/10.0.1/lib/darwin/libclang_rt.osx.a]
  Library search paths: [;/Library/Developer/CommandLineTools/SDKs/MacOSX10.14.sdk/usr/lib]
  Framework search paths: [;/Library/Developer/CommandLineTools/SDKs/MacOSX10.14.sdk/System/Library/Frameworks/]
  remove lib [System]
  remove lib [/Library/Developer/CommandLineTools/usr/lib/clang/10.0.1/lib/darwin/libclang_rt.osx.a]
  collapse library dir [/Library/Developer/CommandLineTools/SDKs/MacOSX10.14.sdk/usr/lib] ==> [/Library/Developer/CommandLineTools/SDKs/MacOSX10.14.sdk/usr/lib]
  collapse framework dir [/Library/Developer/CommandLineTools/SDKs/MacOSX10.14.sdk/System/Library/Frameworks/] ==> [/Library/Developer/CommandLineTools/SDKs/MacOSX10.14.sdk/System/Library/Frameworks]
  implicit libs: [c++]
  implicit dirs: [/Library/Developer/CommandLineTools/SDKs/MacOSX10.14.sdk/usr/lib]
  implicit fwks: [/Library/Developer/CommandLineTools/SDKs/MacOSX10.14.sdk/System/Library/Frameworks]




Detecting CXX [-std=c++1z] compiler features compiled with the following output:
Change Dir: /Users/coryhodge/Documents/Master/Programming/_github_IU/Cmd_AbsFactory_StackCalc/Cmd_AbsFactory_StackCalc/cmake-build-debug/CMakeFiles/CMakeTmp

<<<<<<< HEAD
<<<<<<< HEAD
Run Build Command:"/usr/bin/make" "cmTC_d03e9/fast"
/Library/Developer/CommandLineTools/usr/bin/make -f CMakeFiles/cmTC_d03e9.dir/build.make CMakeFiles/cmTC_d03e9.dir/build
Building CXX object CMakeFiles/cmTC_d03e9.dir/feature_tests.cxx.o
/Library/Developer/CommandLineTools/usr/bin/c++    -isysroot /Library/Developer/CommandLineTools/SDKs/MacOSX10.14.sdk   -std=c++1z -o CMakeFiles/cmTC_d03e9.dir/feature_tests.cxx.o -c /Users/coryhodge/Documents/Master/Programming/_github_IU/Cmd_AbsFactory_StackCalc/Cmd_AbsFactory_StackCalc/cmake-build-debug/CMakeFiles/feature_tests.cxx
Linking CXX executable cmTC_d03e9
/Applications/CLion.app/Contents/bin/cmake/mac/bin/cmake -E cmake_link_script CMakeFiles/cmTC_d03e9.dir/link.txt --verbose=1
/Library/Developer/CommandLineTools/usr/bin/c++    -isysroot /Library/Developer/CommandLineTools/SDKs/MacOSX10.14.sdk -Wl,-search_paths_first -Wl,-headerpad_max_install_names   CMakeFiles/cmTC_d03e9.dir/feature_tests.cxx.o  -o cmTC_d03e9 
=======
Run Build Command:"/usr/bin/make" "cmTC_93ea2/fast"
/Library/Developer/CommandLineTools/usr/bin/make -f CMakeFiles/cmTC_93ea2.dir/build.make CMakeFiles/cmTC_93ea2.dir/build
Building CXX object CMakeFiles/cmTC_93ea2.dir/feature_tests.cxx.o
/Library/Developer/CommandLineTools/usr/bin/c++    -isysroot /Library/Developer/CommandLineTools/SDKs/MacOSX10.14.sdk   -std=c++1z -o CMakeFiles/cmTC_93ea2.dir/feature_tests.cxx.o -c /Users/coryhodge/Documents/Master/Programming/_github_IU/Cmd_AbsFactory_StackCalc/Cmd_AbsFactory_StackCalc/cmake-build-debug/CMakeFiles/feature_tests.cxx
Linking CXX executable cmTC_93ea2
/Applications/CLion.app/Contents/bin/cmake/mac/bin/cmake -E cmake_link_script CMakeFiles/cmTC_93ea2.dir/link.txt --verbose=1
/Library/Developer/CommandLineTools/usr/bin/c++    -isysroot /Library/Developer/CommandLineTools/SDKs/MacOSX10.14.sdk -Wl,-search_paths_first -Wl,-headerpad_max_install_names   CMakeFiles/cmTC_93ea2.dir/feature_tests.cxx.o  -o cmTC_93ea2 
>>>>>>> fix-comments
=======
Run Build Command:"/usr/bin/make" "cmTC_9d5bb/fast"
/Library/Developer/CommandLineTools/usr/bin/make -f CMakeFiles/cmTC_9d5bb.dir/build.make CMakeFiles/cmTC_9d5bb.dir/build
Building CXX object CMakeFiles/cmTC_9d5bb.dir/feature_tests.cxx.o
/Library/Developer/CommandLineTools/usr/bin/c++    -isysroot /Library/Developer/CommandLineTools/SDKs/MacOSX10.14.sdk   -std=c++1z -o CMakeFiles/cmTC_9d5bb.dir/feature_tests.cxx.o -c /Users/coryhodge/Documents/Master/Programming/_github_IU/Cmd_AbsFactory_StackCalc/Cmd_AbsFactory_StackCalc/cmake-build-debug/CMakeFiles/feature_tests.cxx
Linking CXX executable cmTC_9d5bb
/Applications/CLion.app/Contents/bin/cmake/mac/bin/cmake -E cmake_link_script CMakeFiles/cmTC_9d5bb.dir/link.txt --verbose=1
/Library/Developer/CommandLineTools/usr/bin/c++    -isysroot /Library/Developer/CommandLineTools/SDKs/MacOSX10.14.sdk -Wl,-search_paths_first -Wl,-headerpad_max_install_names   CMakeFiles/cmTC_9d5bb.dir/feature_tests.cxx.o  -o cmTC_9d5bb 
>>>>>>> resolve-merge


    Feature record: CXX_FEATURE:1cxx_aggregate_default_initializers
    Feature record: CXX_FEATURE:1cxx_alias_templates
    Feature record: CXX_FEATURE:1cxx_alignas
    Feature record: CXX_FEATURE:1cxx_alignof
    Feature record: CXX_FEATURE:1cxx_attributes
    Feature record: CXX_FEATURE:1cxx_attribute_deprecated
    Feature record: CXX_FEATURE:1cxx_auto_type
    Feature record: CXX_FEATURE:1cxx_binary_literals
    Feature record: CXX_FEATURE:1cxx_constexpr
    Feature record: CXX_FEATURE:1cxx_contextual_conversions
    Feature record: CXX_FEATURE:1cxx_decltype
    Feature record: CXX_FEATURE:1cxx_decltype_auto
    Feature record: CXX_FEATURE:1cxx_decltype_incomplete_return_types
    Feature record: CXX_FEATURE:1cxx_default_function_template_args
    Feature record: CXX_FEATURE:1cxx_defaulted_functions
    Feature record: CXX_FEATURE:1cxx_defaulted_move_initializers
    Feature record: CXX_FEATURE:1cxx_delegating_constructors
    Feature record: CXX_FEATURE:1cxx_deleted_functions
    Feature record: CXX_FEATURE:1cxx_digit_separators
    Feature record: CXX_FEATURE:1cxx_enum_forward_declarations
    Feature record: CXX_FEATURE:1cxx_explicit_conversions
    Feature record: CXX_FEATURE:1cxx_extended_friend_declarations
    Feature record: CXX_FEATURE:1cxx_extern_templates
    Feature record: CXX_FEATURE:1cxx_final
    Feature record: CXX_FEATURE:1cxx_func_identifier
    Feature record: CXX_FEATURE:1cxx_generalized_initializers
    Feature record: CXX_FEATURE:1cxx_generic_lambdas
    Feature record: CXX_FEATURE:1cxx_inheriting_constructors
    Feature record: CXX_FEATURE:1cxx_inline_namespaces
    Feature record: CXX_FEATURE:1cxx_lambdas
    Feature record: CXX_FEATURE:1cxx_lambda_init_captures
    Feature record: CXX_FEATURE:1cxx_local_type_template_args
    Feature record: CXX_FEATURE:1cxx_long_long_type
    Feature record: CXX_FEATURE:1cxx_noexcept
    Feature record: CXX_FEATURE:1cxx_nonstatic_member_init
    Feature record: CXX_FEATURE:1cxx_nullptr
    Feature record: CXX_FEATURE:1cxx_override
    Feature record: CXX_FEATURE:1cxx_range_for
    Feature record: CXX_FEATURE:1cxx_raw_string_literals
    Feature record: CXX_FEATURE:1cxx_reference_qualified_functions
    Feature record: CXX_FEATURE:1cxx_relaxed_constexpr
    Feature record: CXX_FEATURE:1cxx_return_type_deduction
    Feature record: CXX_FEATURE:1cxx_right_angle_brackets
    Feature record: CXX_FEATURE:1cxx_rvalue_references
    Feature record: CXX_FEATURE:1cxx_sizeof_member
    Feature record: CXX_FEATURE:1cxx_static_assert
    Feature record: CXX_FEATURE:1cxx_strong_enums
    Feature record: CXX_FEATURE:1cxx_template_template_parameters
    Feature record: CXX_FEATURE:1cxx_thread_local
    Feature record: CXX_FEATURE:1cxx_trailing_return_types
    Feature record: CXX_FEATURE:1cxx_unicode_literals
    Feature record: CXX_FEATURE:1cxx_uniform_initialization
    Feature record: CXX_FEATURE:1cxx_unrestricted_unions
    Feature record: CXX_FEATURE:1cxx_user_literals
    Feature record: CXX_FEATURE:1cxx_variable_templates
    Feature record: CXX_FEATURE:1cxx_variadic_macros
    Feature record: CXX_FEATURE:1cxx_variadic_templates


Detecting CXX [-std=c++14] compiler features compiled with the following output:
Change Dir: /Users/coryhodge/Documents/Master/Programming/_github_IU/Cmd_AbsFactory_StackCalc/Cmd_AbsFactory_StackCalc/cmake-build-debug/CMakeFiles/CMakeTmp

<<<<<<< HEAD
<<<<<<< HEAD
Run Build Command:"/usr/bin/make" "cmTC_71c4c/fast"
/Library/Developer/CommandLineTools/usr/bin/make -f CMakeFiles/cmTC_71c4c.dir/build.make CMakeFiles/cmTC_71c4c.dir/build
Building CXX object CMakeFiles/cmTC_71c4c.dir/feature_tests.cxx.o
/Library/Developer/CommandLineTools/usr/bin/c++    -isysroot /Library/Developer/CommandLineTools/SDKs/MacOSX10.14.sdk   -std=c++14 -o CMakeFiles/cmTC_71c4c.dir/feature_tests.cxx.o -c /Users/coryhodge/Documents/Master/Programming/_github_IU/Cmd_AbsFactory_StackCalc/Cmd_AbsFactory_StackCalc/cmake-build-debug/CMakeFiles/feature_tests.cxx
Linking CXX executable cmTC_71c4c
/Applications/CLion.app/Contents/bin/cmake/mac/bin/cmake -E cmake_link_script CMakeFiles/cmTC_71c4c.dir/link.txt --verbose=1
/Library/Developer/CommandLineTools/usr/bin/c++    -isysroot /Library/Developer/CommandLineTools/SDKs/MacOSX10.14.sdk -Wl,-search_paths_first -Wl,-headerpad_max_install_names   CMakeFiles/cmTC_71c4c.dir/feature_tests.cxx.o  -o cmTC_71c4c 
=======
Run Build Command:"/usr/bin/make" "cmTC_46e0c/fast"
/Library/Developer/CommandLineTools/usr/bin/make -f CMakeFiles/cmTC_46e0c.dir/build.make CMakeFiles/cmTC_46e0c.dir/build
Building CXX object CMakeFiles/cmTC_46e0c.dir/feature_tests.cxx.o
/Library/Developer/CommandLineTools/usr/bin/c++    -isysroot /Library/Developer/CommandLineTools/SDKs/MacOSX10.14.sdk   -std=c++14 -o CMakeFiles/cmTC_46e0c.dir/feature_tests.cxx.o -c /Users/coryhodge/Documents/Master/Programming/_github_IU/Cmd_AbsFactory_StackCalc/Cmd_AbsFactory_StackCalc/cmake-build-debug/CMakeFiles/feature_tests.cxx
Linking CXX executable cmTC_46e0c
/Applications/CLion.app/Contents/bin/cmake/mac/bin/cmake -E cmake_link_script CMakeFiles/cmTC_46e0c.dir/link.txt --verbose=1
/Library/Developer/CommandLineTools/usr/bin/c++    -isysroot /Library/Developer/CommandLineTools/SDKs/MacOSX10.14.sdk -Wl,-search_paths_first -Wl,-headerpad_max_install_names   CMakeFiles/cmTC_46e0c.dir/feature_tests.cxx.o  -o cmTC_46e0c 
>>>>>>> fix-comments
=======
Run Build Command:"/usr/bin/make" "cmTC_4a49f/fast"
/Library/Developer/CommandLineTools/usr/bin/make -f CMakeFiles/cmTC_4a49f.dir/build.make CMakeFiles/cmTC_4a49f.dir/build
Building CXX object CMakeFiles/cmTC_4a49f.dir/feature_tests.cxx.o
/Library/Developer/CommandLineTools/usr/bin/c++    -isysroot /Library/Developer/CommandLineTools/SDKs/MacOSX10.14.sdk   -std=c++14 -o CMakeFiles/cmTC_4a49f.dir/feature_tests.cxx.o -c /Users/coryhodge/Documents/Master/Programming/_github_IU/Cmd_AbsFactory_StackCalc/Cmd_AbsFactory_StackCalc/cmake-build-debug/CMakeFiles/feature_tests.cxx
Linking CXX executable cmTC_4a49f
/Applications/CLion.app/Contents/bin/cmake/mac/bin/cmake -E cmake_link_script CMakeFiles/cmTC_4a49f.dir/link.txt --verbose=1
/Library/Developer/CommandLineTools/usr/bin/c++    -isysroot /Library/Developer/CommandLineTools/SDKs/MacOSX10.14.sdk -Wl,-search_paths_first -Wl,-headerpad_max_install_names   CMakeFiles/cmTC_4a49f.dir/feature_tests.cxx.o  -o cmTC_4a49f 
>>>>>>> resolve-merge


    Feature record: CXX_FEATURE:1cxx_aggregate_default_initializers
    Feature record: CXX_FEATURE:1cxx_alias_templates
    Feature record: CXX_FEATURE:1cxx_alignas
    Feature record: CXX_FEATURE:1cxx_alignof
    Feature record: CXX_FEATURE:1cxx_attributes
    Feature record: CXX_FEATURE:1cxx_attribute_deprecated
    Feature record: CXX_FEATURE:1cxx_auto_type
    Feature record: CXX_FEATURE:1cxx_binary_literals
    Feature record: CXX_FEATURE:1cxx_constexpr
    Feature record: CXX_FEATURE:1cxx_contextual_conversions
    Feature record: CXX_FEATURE:1cxx_decltype
    Feature record: CXX_FEATURE:1cxx_decltype_auto
    Feature record: CXX_FEATURE:1cxx_decltype_incomplete_return_types
    Feature record: CXX_FEATURE:1cxx_default_function_template_args
    Feature record: CXX_FEATURE:1cxx_defaulted_functions
    Feature record: CXX_FEATURE:1cxx_defaulted_move_initializers
    Feature record: CXX_FEATURE:1cxx_delegating_constructors
    Feature record: CXX_FEATURE:1cxx_deleted_functions
    Feature record: CXX_FEATURE:1cxx_digit_separators
    Feature record: CXX_FEATURE:1cxx_enum_forward_declarations
    Feature record: CXX_FEATURE:1cxx_explicit_conversions
    Feature record: CXX_FEATURE:1cxx_extended_friend_declarations
    Feature record: CXX_FEATURE:1cxx_extern_templates
    Feature record: CXX_FEATURE:1cxx_final
    Feature record: CXX_FEATURE:1cxx_func_identifier
    Feature record: CXX_FEATURE:1cxx_generalized_initializers
    Feature record: CXX_FEATURE:1cxx_generic_lambdas
    Feature record: CXX_FEATURE:1cxx_inheriting_constructors
    Feature record: CXX_FEATURE:1cxx_inline_namespaces
    Feature record: CXX_FEATURE:1cxx_lambdas
    Feature record: CXX_FEATURE:1cxx_lambda_init_captures
    Feature record: CXX_FEATURE:1cxx_local_type_template_args
    Feature record: CXX_FEATURE:1cxx_long_long_type
    Feature record: CXX_FEATURE:1cxx_noexcept
    Feature record: CXX_FEATURE:1cxx_nonstatic_member_init
    Feature record: CXX_FEATURE:1cxx_nullptr
    Feature record: CXX_FEATURE:1cxx_override
    Feature record: CXX_FEATURE:1cxx_range_for
    Feature record: CXX_FEATURE:1cxx_raw_string_literals
    Feature record: CXX_FEATURE:1cxx_reference_qualified_functions
    Feature record: CXX_FEATURE:1cxx_relaxed_constexpr
    Feature record: CXX_FEATURE:1cxx_return_type_deduction
    Feature record: CXX_FEATURE:1cxx_right_angle_brackets
    Feature record: CXX_FEATURE:1cxx_rvalue_references
    Feature record: CXX_FEATURE:1cxx_sizeof_member
    Feature record: CXX_FEATURE:1cxx_static_assert
    Feature record: CXX_FEATURE:1cxx_strong_enums
    Feature record: CXX_FEATURE:1cxx_template_template_parameters
    Feature record: CXX_FEATURE:1cxx_thread_local
    Feature record: CXX_FEATURE:1cxx_trailing_return_types
    Feature record: CXX_FEATURE:1cxx_unicode_literals
    Feature record: CXX_FEATURE:1cxx_uniform_initialization
    Feature record: CXX_FEATURE:1cxx_unrestricted_unions
    Feature record: CXX_FEATURE:1cxx_user_literals
    Feature record: CXX_FEATURE:1cxx_variable_templates
    Feature record: CXX_FEATURE:1cxx_variadic_macros
    Feature record: CXX_FEATURE:1cxx_variadic_templates


Detecting CXX [-std=c++11] compiler features compiled with the following output:
Change Dir: /Users/coryhodge/Documents/Master/Programming/_github_IU/Cmd_AbsFactory_StackCalc/Cmd_AbsFactory_StackCalc/cmake-build-debug/CMakeFiles/CMakeTmp

<<<<<<< HEAD
<<<<<<< HEAD
Run Build Command:"/usr/bin/make" "cmTC_4a3aa/fast"
/Library/Developer/CommandLineTools/usr/bin/make -f CMakeFiles/cmTC_4a3aa.dir/build.make CMakeFiles/cmTC_4a3aa.dir/build
Building CXX object CMakeFiles/cmTC_4a3aa.dir/feature_tests.cxx.o
/Library/Developer/CommandLineTools/usr/bin/c++    -isysroot /Library/Developer/CommandLineTools/SDKs/MacOSX10.14.sdk   -std=c++11 -o CMakeFiles/cmTC_4a3aa.dir/feature_tests.cxx.o -c /Users/coryhodge/Documents/Master/Programming/_github_IU/Cmd_AbsFactory_StackCalc/Cmd_AbsFactory_StackCalc/cmake-build-debug/CMakeFiles/feature_tests.cxx
Linking CXX executable cmTC_4a3aa
/Applications/CLion.app/Contents/bin/cmake/mac/bin/cmake -E cmake_link_script CMakeFiles/cmTC_4a3aa.dir/link.txt --verbose=1
/Library/Developer/CommandLineTools/usr/bin/c++    -isysroot /Library/Developer/CommandLineTools/SDKs/MacOSX10.14.sdk -Wl,-search_paths_first -Wl,-headerpad_max_install_names   CMakeFiles/cmTC_4a3aa.dir/feature_tests.cxx.o  -o cmTC_4a3aa 
=======
Run Build Command:"/usr/bin/make" "cmTC_cffc4/fast"
/Library/Developer/CommandLineTools/usr/bin/make -f CMakeFiles/cmTC_cffc4.dir/build.make CMakeFiles/cmTC_cffc4.dir/build
Building CXX object CMakeFiles/cmTC_cffc4.dir/feature_tests.cxx.o
/Library/Developer/CommandLineTools/usr/bin/c++    -isysroot /Library/Developer/CommandLineTools/SDKs/MacOSX10.14.sdk   -std=c++11 -o CMakeFiles/cmTC_cffc4.dir/feature_tests.cxx.o -c /Users/coryhodge/Documents/Master/Programming/_github_IU/Cmd_AbsFactory_StackCalc/Cmd_AbsFactory_StackCalc/cmake-build-debug/CMakeFiles/feature_tests.cxx
Linking CXX executable cmTC_cffc4
/Applications/CLion.app/Contents/bin/cmake/mac/bin/cmake -E cmake_link_script CMakeFiles/cmTC_cffc4.dir/link.txt --verbose=1
/Library/Developer/CommandLineTools/usr/bin/c++    -isysroot /Library/Developer/CommandLineTools/SDKs/MacOSX10.14.sdk -Wl,-search_paths_first -Wl,-headerpad_max_install_names   CMakeFiles/cmTC_cffc4.dir/feature_tests.cxx.o  -o cmTC_cffc4 
>>>>>>> fix-comments
=======
Run Build Command:"/usr/bin/make" "cmTC_eac6a/fast"
/Library/Developer/CommandLineTools/usr/bin/make -f CMakeFiles/cmTC_eac6a.dir/build.make CMakeFiles/cmTC_eac6a.dir/build
Building CXX object CMakeFiles/cmTC_eac6a.dir/feature_tests.cxx.o
/Library/Developer/CommandLineTools/usr/bin/c++    -isysroot /Library/Developer/CommandLineTools/SDKs/MacOSX10.14.sdk   -std=c++11 -o CMakeFiles/cmTC_eac6a.dir/feature_tests.cxx.o -c /Users/coryhodge/Documents/Master/Programming/_github_IU/Cmd_AbsFactory_StackCalc/Cmd_AbsFactory_StackCalc/cmake-build-debug/CMakeFiles/feature_tests.cxx
Linking CXX executable cmTC_eac6a
/Applications/CLion.app/Contents/bin/cmake/mac/bin/cmake -E cmake_link_script CMakeFiles/cmTC_eac6a.dir/link.txt --verbose=1
/Library/Developer/CommandLineTools/usr/bin/c++    -isysroot /Library/Developer/CommandLineTools/SDKs/MacOSX10.14.sdk -Wl,-search_paths_first -Wl,-headerpad_max_install_names   CMakeFiles/cmTC_eac6a.dir/feature_tests.cxx.o  -o cmTC_eac6a 
>>>>>>> resolve-merge


    Feature record: CXX_FEATURE:0cxx_aggregate_default_initializers
    Feature record: CXX_FEATURE:1cxx_alias_templates
    Feature record: CXX_FEATURE:1cxx_alignas
    Feature record: CXX_FEATURE:1cxx_alignof
    Feature record: CXX_FEATURE:1cxx_attributes
    Feature record: CXX_FEATURE:0cxx_attribute_deprecated
    Feature record: CXX_FEATURE:1cxx_auto_type
    Feature record: CXX_FEATURE:0cxx_binary_literals
    Feature record: CXX_FEATURE:1cxx_constexpr
    Feature record: CXX_FEATURE:0cxx_contextual_conversions
    Feature record: CXX_FEATURE:1cxx_decltype
    Feature record: CXX_FEATURE:0cxx_decltype_auto
    Feature record: CXX_FEATURE:1cxx_decltype_incomplete_return_types
    Feature record: CXX_FEATURE:1cxx_default_function_template_args
    Feature record: CXX_FEATURE:1cxx_defaulted_functions
    Feature record: CXX_FEATURE:1cxx_defaulted_move_initializers
    Feature record: CXX_FEATURE:1cxx_delegating_constructors
    Feature record: CXX_FEATURE:1cxx_deleted_functions
    Feature record: CXX_FEATURE:0cxx_digit_separators
    Feature record: CXX_FEATURE:1cxx_enum_forward_declarations
    Feature record: CXX_FEATURE:1cxx_explicit_conversions
    Feature record: CXX_FEATURE:1cxx_extended_friend_declarations
    Feature record: CXX_FEATURE:1cxx_extern_templates
    Feature record: CXX_FEATURE:1cxx_final
    Feature record: CXX_FEATURE:1cxx_func_identifier
    Feature record: CXX_FEATURE:1cxx_generalized_initializers
    Feature record: CXX_FEATURE:0cxx_generic_lambdas
    Feature record: CXX_FEATURE:1cxx_inheriting_constructors
    Feature record: CXX_FEATURE:1cxx_inline_namespaces
    Feature record: CXX_FEATURE:1cxx_lambdas
    Feature record: CXX_FEATURE:0cxx_lambda_init_captures
    Feature record: CXX_FEATURE:1cxx_local_type_template_args
    Feature record: CXX_FEATURE:1cxx_long_long_type
    Feature record: CXX_FEATURE:1cxx_noexcept
    Feature record: CXX_FEATURE:1cxx_nonstatic_member_init
    Feature record: CXX_FEATURE:1cxx_nullptr
    Feature record: CXX_FEATURE:1cxx_override
    Feature record: CXX_FEATURE:1cxx_range_for
    Feature record: CXX_FEATURE:1cxx_raw_string_literals
    Feature record: CXX_FEATURE:1cxx_reference_qualified_functions
    Feature record: CXX_FEATURE:0cxx_relaxed_constexpr
    Feature record: CXX_FEATURE:0cxx_return_type_deduction
    Feature record: CXX_FEATURE:1cxx_right_angle_brackets
    Feature record: CXX_FEATURE:1cxx_rvalue_references
    Feature record: CXX_FEATURE:1cxx_sizeof_member
    Feature record: CXX_FEATURE:1cxx_static_assert
    Feature record: CXX_FEATURE:1cxx_strong_enums
    Feature record: CXX_FEATURE:1cxx_template_template_parameters
    Feature record: CXX_FEATURE:1cxx_thread_local
    Feature record: CXX_FEATURE:1cxx_trailing_return_types
    Feature record: CXX_FEATURE:1cxx_unicode_literals
    Feature record: CXX_FEATURE:1cxx_uniform_initialization
    Feature record: CXX_FEATURE:1cxx_unrestricted_unions
    Feature record: CXX_FEATURE:1cxx_user_literals
    Feature record: CXX_FEATURE:0cxx_variable_templates
    Feature record: CXX_FEATURE:1cxx_variadic_macros
    Feature record: CXX_FEATURE:1cxx_variadic_templates


Detecting CXX [-std=c++98] compiler features compiled with the following output:
Change Dir: /Users/coryhodge/Documents/Master/Programming/_github_IU/Cmd_AbsFactory_StackCalc/Cmd_AbsFactory_StackCalc/cmake-build-debug/CMakeFiles/CMakeTmp

<<<<<<< HEAD
<<<<<<< HEAD
Run Build Command:"/usr/bin/make" "cmTC_6b3c4/fast"
/Library/Developer/CommandLineTools/usr/bin/make -f CMakeFiles/cmTC_6b3c4.dir/build.make CMakeFiles/cmTC_6b3c4.dir/build
Building CXX object CMakeFiles/cmTC_6b3c4.dir/feature_tests.cxx.o
/Library/Developer/CommandLineTools/usr/bin/c++    -isysroot /Library/Developer/CommandLineTools/SDKs/MacOSX10.14.sdk   -std=c++98 -o CMakeFiles/cmTC_6b3c4.dir/feature_tests.cxx.o -c /Users/coryhodge/Documents/Master/Programming/_github_IU/Cmd_AbsFactory_StackCalc/Cmd_AbsFactory_StackCalc/cmake-build-debug/CMakeFiles/feature_tests.cxx
Linking CXX executable cmTC_6b3c4
/Applications/CLion.app/Contents/bin/cmake/mac/bin/cmake -E cmake_link_script CMakeFiles/cmTC_6b3c4.dir/link.txt --verbose=1
/Library/Developer/CommandLineTools/usr/bin/c++    -isysroot /Library/Developer/CommandLineTools/SDKs/MacOSX10.14.sdk -Wl,-search_paths_first -Wl,-headerpad_max_install_names   CMakeFiles/cmTC_6b3c4.dir/feature_tests.cxx.o  -o cmTC_6b3c4 
=======
Run Build Command:"/usr/bin/make" "cmTC_3fe4d/fast"
/Library/Developer/CommandLineTools/usr/bin/make -f CMakeFiles/cmTC_3fe4d.dir/build.make CMakeFiles/cmTC_3fe4d.dir/build
Building CXX object CMakeFiles/cmTC_3fe4d.dir/feature_tests.cxx.o
/Library/Developer/CommandLineTools/usr/bin/c++    -isysroot /Library/Developer/CommandLineTools/SDKs/MacOSX10.14.sdk   -std=c++98 -o CMakeFiles/cmTC_3fe4d.dir/feature_tests.cxx.o -c /Users/coryhodge/Documents/Master/Programming/_github_IU/Cmd_AbsFactory_StackCalc/Cmd_AbsFactory_StackCalc/cmake-build-debug/CMakeFiles/feature_tests.cxx
Linking CXX executable cmTC_3fe4d
/Applications/CLion.app/Contents/bin/cmake/mac/bin/cmake -E cmake_link_script CMakeFiles/cmTC_3fe4d.dir/link.txt --verbose=1
/Library/Developer/CommandLineTools/usr/bin/c++    -isysroot /Library/Developer/CommandLineTools/SDKs/MacOSX10.14.sdk -Wl,-search_paths_first -Wl,-headerpad_max_install_names   CMakeFiles/cmTC_3fe4d.dir/feature_tests.cxx.o  -o cmTC_3fe4d 
>>>>>>> fix-comments
=======
Run Build Command:"/usr/bin/make" "cmTC_b4721/fast"
/Library/Developer/CommandLineTools/usr/bin/make -f CMakeFiles/cmTC_b4721.dir/build.make CMakeFiles/cmTC_b4721.dir/build
Building CXX object CMakeFiles/cmTC_b4721.dir/feature_tests.cxx.o
/Library/Developer/CommandLineTools/usr/bin/c++    -isysroot /Library/Developer/CommandLineTools/SDKs/MacOSX10.14.sdk   -std=c++98 -o CMakeFiles/cmTC_b4721.dir/feature_tests.cxx.o -c /Users/coryhodge/Documents/Master/Programming/_github_IU/Cmd_AbsFactory_StackCalc/Cmd_AbsFactory_StackCalc/cmake-build-debug/CMakeFiles/feature_tests.cxx
Linking CXX executable cmTC_b4721
/Applications/CLion.app/Contents/bin/cmake/mac/bin/cmake -E cmake_link_script CMakeFiles/cmTC_b4721.dir/link.txt --verbose=1
/Library/Developer/CommandLineTools/usr/bin/c++    -isysroot /Library/Developer/CommandLineTools/SDKs/MacOSX10.14.sdk -Wl,-search_paths_first -Wl,-headerpad_max_install_names   CMakeFiles/cmTC_b4721.dir/feature_tests.cxx.o  -o cmTC_b4721 
>>>>>>> resolve-merge


    Feature record: CXX_FEATURE:0cxx_aggregate_default_initializers
    Feature record: CXX_FEATURE:0cxx_alias_templates
    Feature record: CXX_FEATURE:0cxx_alignas
    Feature record: CXX_FEATURE:0cxx_alignof
    Feature record: CXX_FEATURE:0cxx_attributes
    Feature record: CXX_FEATURE:0cxx_attribute_deprecated
    Feature record: CXX_FEATURE:0cxx_auto_type
    Feature record: CXX_FEATURE:0cxx_binary_literals
    Feature record: CXX_FEATURE:0cxx_constexpr
    Feature record: CXX_FEATURE:0cxx_contextual_conversions
    Feature record: CXX_FEATURE:0cxx_decltype
    Feature record: CXX_FEATURE:0cxx_decltype_auto
    Feature record: CXX_FEATURE:0cxx_decltype_incomplete_return_types
    Feature record: CXX_FEATURE:0cxx_default_function_template_args
    Feature record: CXX_FEATURE:0cxx_defaulted_functions
    Feature record: CXX_FEATURE:0cxx_defaulted_move_initializers
    Feature record: CXX_FEATURE:0cxx_delegating_constructors
    Feature record: CXX_FEATURE:0cxx_deleted_functions
    Feature record: CXX_FEATURE:0cxx_digit_separators
    Feature record: CXX_FEATURE:0cxx_enum_forward_declarations
    Feature record: CXX_FEATURE:0cxx_explicit_conversions
    Feature record: CXX_FEATURE:0cxx_extended_friend_declarations
    Feature record: CXX_FEATURE:0cxx_extern_templates
    Feature record: CXX_FEATURE:0cxx_final
    Feature record: CXX_FEATURE:0cxx_func_identifier
    Feature record: CXX_FEATURE:0cxx_generalized_initializers
    Feature record: CXX_FEATURE:0cxx_generic_lambdas
    Feature record: CXX_FEATURE:0cxx_inheriting_constructors
    Feature record: CXX_FEATURE:0cxx_inline_namespaces
    Feature record: CXX_FEATURE:0cxx_lambdas
    Feature record: CXX_FEATURE:0cxx_lambda_init_captures
    Feature record: CXX_FEATURE:0cxx_local_type_template_args
    Feature record: CXX_FEATURE:0cxx_long_long_type
    Feature record: CXX_FEATURE:0cxx_noexcept
    Feature record: CXX_FEATURE:0cxx_nonstatic_member_init
    Feature record: CXX_FEATURE:0cxx_nullptr
    Feature record: CXX_FEATURE:0cxx_override
    Feature record: CXX_FEATURE:0cxx_range_for
    Feature record: CXX_FEATURE:0cxx_raw_string_literals
    Feature record: CXX_FEATURE:0cxx_reference_qualified_functions
    Feature record: CXX_FEATURE:0cxx_relaxed_constexpr
    Feature record: CXX_FEATURE:0cxx_return_type_deduction
    Feature record: CXX_FEATURE:0cxx_right_angle_brackets
    Feature record: CXX_FEATURE:0cxx_rvalue_references
    Feature record: CXX_FEATURE:0cxx_sizeof_member
    Feature record: CXX_FEATURE:0cxx_static_assert
    Feature record: CXX_FEATURE:0cxx_strong_enums
    Feature record: CXX_FEATURE:1cxx_template_template_parameters
    Feature record: CXX_FEATURE:0cxx_thread_local
    Feature record: CXX_FEATURE:0cxx_trailing_return_types
    Feature record: CXX_FEATURE:0cxx_unicode_literals
    Feature record: CXX_FEATURE:0cxx_uniform_initialization
    Feature record: CXX_FEATURE:0cxx_unrestricted_unions
    Feature record: CXX_FEATURE:0cxx_user_literals
    Feature record: CXX_FEATURE:0cxx_variable_templates
    Feature record: CXX_FEATURE:0cxx_variadic_macros
    Feature record: CXX_FEATURE:0cxx_variadic_templates
